<?xml version="1.0" encoding="UTF-8"?>
<!-- Generated by org.testng.reporters.JUnitReportReporter -->
<testsuite skipped="0" hostname="DESKTOP-K1LJIP1" name="Muthu.Test.GmailFunctionality" tests="2" failures="0" timestamp="07 Oct 2019 01:29:56 GMT" time="20.660" errors="0">
  <testcase name="Login" time="3.518" classname="Muthu.Test.GmailFunctionality"/>
  <testcase name="PostLogin" time="17.142" classname="Muthu.Test.GmailFunctionality"/>
</testsuite> <!-- Muthu.Test.GmailFunctionality -->
