<?xml version="1.0" encoding="UTF-8"?>
<!-- Generated by org.testng.reporters.JUnitReportReporter -->
<testsuite skipped="0" hostname="DESKTOP-K1LJIP1" name="Muthu.Test.NewTest" tests="2" failures="0" timestamp="04 Oct 2019 03:06:09 GMT" time="28.475" errors="0">
  <testcase name="Login" time="3.148" classname="Muthu.Test.NewTest"/>
  <testcase name="PostLogin" time="25.327" classname="Muthu.Test.NewTest"/>
</testsuite> <!-- Muthu.Test.NewTest -->
